2020-09-02 22:48:46  <main> is called
2020-09-02 22:48:46  <main> main1
2020-09-02 22:48:46  <main> is calling [my]
2020-09-02 22:48:46  <my> is called
2020-09-02 22:48:46  <my> a
2020-09-02 22:48:46  <my> b
2020-09-02 22:48:46  <my> try
2020-09-02 22:48:46  <my> except
2020-09-02 22:48:46  <my> return [None]
2020-09-02 22:48:46  <main> main2
2020-09-02 22:48:46  <main> try
2020-09-02 22:48:46  <main> except
2020-09-02 22:48:46  <main> return [None]
2020-09-02 22:48:46  <m> is called as a function
2020-09-02 22:48:46  <m> main1
2020-09-02 22:48:46  <m> is calling [my]
2020-09-02 22:48:46  <my> is called
2020-09-02 22:48:46  <my> a
2020-09-02 22:48:46  <my> b
2020-09-02 22:48:46  <my> try
2020-09-02 22:48:46  <my> except
2020-09-02 22:48:46  <my> return [None]
2020-09-02 22:48:46  <m> main2
2020-09-02 22:48:46  <m> try
2020-09-02 22:48:46  <m> except
2020-09-02 22:48:46  <m> return [None]
2020-09-02 22:48:46  <main> is called
2020-09-02 22:48:46  <main> main1
2020-09-02 22:48:46  <main> is calling [my]
2020-09-02 22:48:46  <my> is called
2020-09-02 22:48:46  <my> a
2020-09-02 22:48:46  <my> b
2020-09-02 22:48:46  <my> try
2020-09-02 22:48:46  <my> except
2020-09-02 22:48:46  <my> return [None]
2020-09-02 22:48:46  <main> main2
2020-09-02 22:48:46  <main> try
2020-09-02 22:48:46  <main> except
2020-09-02 22:48:46  <main> return [None]
2020-09-02 22:53:52  <main> is called
2020-09-02 22:53:52  <main> main1
2020-09-02 22:53:52  <main> is calling [my]
2020-09-02 22:53:52  <my> is called
2020-09-02 22:53:52  <my> a
2020-09-02 22:53:52  <my> b
2020-09-02 22:53:52  <my> try
2020-09-02 22:53:52  <my> except
2020-09-02 22:53:52  <my> return [None]
2020-09-02 22:53:52  <main> main2
2020-09-02 22:53:52  <main> try
2020-09-02 22:53:52  <main> except
2020-09-02 22:53:52  <main> return [None]
2020-09-02 22:53:52  <m> is called as a function
2020-09-02 22:53:52  <m> main1
2020-09-02 22:53:52  <m> is calling [my]
2020-09-02 22:53:52  <my> is called
2020-09-02 22:53:52  <my> a
2020-09-02 22:53:52  <my> b
2020-09-02 22:53:52  <my> try
2020-09-02 22:53:52  <my> except
2020-09-02 22:53:52  <my> return [None]
2020-09-02 22:53:52  <m> main2
2020-09-02 22:53:52  <m> try
2020-09-02 22:53:52  <m> except
2020-09-02 22:53:52  <m> return [None]
2020-09-02 22:53:52  <main> is called
2020-09-02 22:53:52  <main> main1
2020-09-02 22:53:52  <main> is calling [my]
2020-09-02 22:53:52  <my> is called
2020-09-02 22:53:52  <my> a
2020-09-02 22:53:52  <my> b
2020-09-02 22:53:52  <my> try
2020-09-02 22:53:52  <my> except
2020-09-02 22:53:52  <my> return [None]
2020-09-02 22:53:52  <main> main2
2020-09-02 22:53:52  <main> try
2020-09-02 22:53:52  <main> except
2020-09-02 22:53:52  <main> return [None]
